<?xml version="1.0" encoding="UTF-8"?>
<!-- Generated by org.testng.reporters.JUnitReportReporter -->
<testsuite skipped="0" hostname="ip-172-31-11-193" name="test.testcase1" tests="1" failures="0" timestamp="24 Feb 2021 07:22:16 GMT" time="12.512" errors="0">
  <testcase name="Logintest" time="12.512" classname="test.testcase1"/>
</testsuite> <!-- test.testcase1 -->
